[2025-11-18T06:37:50.983+0000] {local_task_job_runner.py:123} INFO - ::group::Pre task execution logs
[2025-11-18T06:37:50.988+0000] {taskinstance.py:2612} INFO - Dependencies all met for dep_context=non-requeueable deps ti=<TaskInstance: medium_articles_to_pinecone.create_pinecone_index manual__2025-11-18T06:37:47.986236+00:00 [queued]>
[2025-11-18T06:37:50.990+0000] {taskinstance.py:2612} INFO - Dependencies all met for dep_context=requeueable deps ti=<TaskInstance: medium_articles_to_pinecone.create_pinecone_index manual__2025-11-18T06:37:47.986236+00:00 [queued]>
[2025-11-18T06:37:50.990+0000] {taskinstance.py:2865} INFO - Starting attempt 1 of 1
[2025-11-18T06:37:50.993+0000] {taskinstance.py:2888} INFO - Executing <Task(PythonOperator): create_pinecone_index> on 2025-11-18 06:37:47.986236+00:00
[2025-11-18T06:37:50.996+0000] {standard_task_runner.py:104} INFO - Running: ['***', 'tasks', 'run', 'medium_articles_to_pinecone', 'create_pinecone_index', 'manual__2025-11-18T06:37:47.986236+00:00', '--job-id', '10', '--raw', '--subdir', 'DAGS_FOLDER/medium_pinecone.py', '--cfg-path', '/tmp/tmpdvxw6uo0']
[2025-11-18T06:37:50.997+0000] {standard_task_runner.py:105} INFO - Job 10: Subtask create_pinecone_index
[2025-11-18T06:37:50.997+0000] {logging_mixin.py:190} WARNING - /home/***/.local/lib/python3.12/site-packages/***/task/task_runner/standard_task_runner.py:70 DeprecationWarning: This process (pid=725) is multi-threaded, use of fork() may lead to deadlocks in the child.
[2025-11-18T06:37:50.998+0000] {standard_task_runner.py:72} INFO - Started process 727 to run task
[2025-11-18T06:37:51.011+0000] {task_command.py:467} INFO - Running <TaskInstance: medium_articles_to_pinecone.create_pinecone_index manual__2025-11-18T06:37:47.986236+00:00 [running]> on host bc897b700767
[2025-11-18T06:37:51.032+0000] {taskinstance.py:3131} INFO - Exporting env vars: AIRFLOW_CTX_DAG_OWNER='***' AIRFLOW_CTX_DAG_ID='medium_articles_to_pinecone' AIRFLOW_CTX_TASK_ID='create_pinecone_index' AIRFLOW_CTX_EXECUTION_DATE='2025-11-18T06:37:47.986236+00:00' AIRFLOW_CTX_TRY_NUMBER='1' AIRFLOW_CTX_DAG_RUN_ID='manual__2025-11-18T06:37:47.986236+00:00'
[2025-11-18T06:37:51.032+0000] {taskinstance.py:731} INFO - ::endgroup::
[2025-11-18T06:37:51.051+0000] {discover_namespace_packages.py:12} INFO - Discovering subpackages in _NamespacePath(['/home/***/.local/lib/python3.12/site-packages/pinecone_plugins'])
[2025-11-18T06:37:51.051+0000] {discover_plugins.py:9} INFO - Looking for plugins in pinecone_plugins.inference
[2025-11-18T06:37:51.054+0000] {installation.py:10} INFO - Installing plugin inference into Pinecone
[2025-11-18T06:37:51.553+0000] {logging_mixin.py:190} INFO - Index semantic-search-fast already exists; skipping create.
[2025-11-18T06:37:51.556+0000] {python.py:240} INFO - Done. Returned value was: None
[2025-11-18T06:37:51.568+0000] {taskinstance.py:340} INFO - ::group::Post task execution logs
[2025-11-18T06:37:51.568+0000] {taskinstance.py:352} INFO - Marking task as SUCCESS. dag_id=medium_articles_to_pinecone, task_id=create_pinecone_index, run_id=manual__2025-11-18T06:37:47.986236+00:00, execution_date=20251118T063747, start_date=20251118T063750, end_date=20251118T063751
[2025-11-18T06:37:51.618+0000] {local_task_job_runner.py:266} INFO - Task exited with return code 0
[2025-11-18T06:37:51.636+0000] {taskinstance.py:3900} INFO - 1 downstream tasks scheduled from follow-on schedule check
[2025-11-18T06:37:51.637+0000] {local_task_job_runner.py:245} INFO - ::endgroup::
