[2025-11-10T21:36:58.008+0000] {local_task_job_runner.py:123} INFO - ::group::Pre task execution logs
[2025-11-10T21:36:58.012+0000] {taskinstance.py:2612} INFO - Dependencies all met for dep_context=non-requeueable deps ti=<TaskInstance: medium_articles_to_pinecone.create_pinecone_index manual__2025-11-10T21:36:55.148756+00:00 [queued]>
[2025-11-10T21:36:58.015+0000] {taskinstance.py:2612} INFO - Dependencies all met for dep_context=requeueable deps ti=<TaskInstance: medium_articles_to_pinecone.create_pinecone_index manual__2025-11-10T21:36:55.148756+00:00 [queued]>
[2025-11-10T21:36:58.015+0000] {taskinstance.py:2865} INFO - Starting attempt 1 of 1
[2025-11-10T21:36:58.018+0000] {taskinstance.py:2888} INFO - Executing <Task(PythonOperator): create_pinecone_index> on 2025-11-10 21:36:55.148756+00:00
[2025-11-10T21:36:58.021+0000] {standard_task_runner.py:104} INFO - Running: ['***', 'tasks', 'run', 'medium_articles_to_pinecone', 'create_pinecone_index', 'manual__2025-11-10T21:36:55.148756+00:00', '--job-id', '5', '--raw', '--subdir', 'DAGS_FOLDER/medium_pinecone.py', '--cfg-path', '/tmp/tmplbpc1wf6']
[2025-11-10T21:36:58.023+0000] {standard_task_runner.py:105} INFO - Job 5: Subtask create_pinecone_index
[2025-11-10T21:36:58.022+0000] {logging_mixin.py:190} WARNING - /home/***/.local/lib/python3.12/site-packages/***/task/task_runner/standard_task_runner.py:70 DeprecationWarning: This process (pid=597) is multi-threaded, use of fork() may lead to deadlocks in the child.
[2025-11-10T21:36:58.023+0000] {standard_task_runner.py:72} INFO - Started process 599 to run task
[2025-11-10T21:36:58.036+0000] {task_command.py:467} INFO - Running <TaskInstance: medium_articles_to_pinecone.create_pinecone_index manual__2025-11-10T21:36:55.148756+00:00 [running]> on host 67eea294b33e
[2025-11-10T21:36:58.055+0000] {taskinstance.py:3131} INFO - Exporting env vars: AIRFLOW_CTX_DAG_OWNER='***' AIRFLOW_CTX_DAG_ID='medium_articles_to_pinecone' AIRFLOW_CTX_TASK_ID='create_pinecone_index' AIRFLOW_CTX_EXECUTION_DATE='2025-11-10T21:36:55.148756+00:00' AIRFLOW_CTX_TRY_NUMBER='1' AIRFLOW_CTX_DAG_RUN_ID='manual__2025-11-10T21:36:55.148756+00:00'
[2025-11-10T21:36:58.055+0000] {taskinstance.py:731} INFO - ::endgroup::
[2025-11-10T21:36:58.082+0000] {discover_namespace_packages.py:12} INFO - Discovering subpackages in _NamespacePath(['/home/***/.local/lib/python3.12/site-packages/pinecone_plugins'])
[2025-11-10T21:36:58.082+0000] {discover_plugins.py:9} INFO - Looking for plugins in pinecone_plugins.inference
[2025-11-10T21:36:58.087+0000] {installation.py:10} INFO - Installing plugin inference into Pinecone
[2025-11-10T21:36:58.326+0000] {logging_mixin.py:190} INFO - Creating index semantic-search-fast (dim=384, metric=dotproduct) ...
[2025-11-10T21:37:05.143+0000] {python.py:240} INFO - Done. Returned value was: None
[2025-11-10T21:37:05.157+0000] {taskinstance.py:340} INFO - ::group::Post task execution logs
[2025-11-10T21:37:05.157+0000] {taskinstance.py:352} INFO - Marking task as SUCCESS. dag_id=medium_articles_to_pinecone, task_id=create_pinecone_index, run_id=manual__2025-11-10T21:36:55.148756+00:00, execution_date=20251110T213655, start_date=20251110T213658, end_date=20251110T213705
[2025-11-10T21:37:05.202+0000] {local_task_job_runner.py:266} INFO - Task exited with return code 0
[2025-11-10T21:37:05.218+0000] {taskinstance.py:3900} INFO - 1 downstream tasks scheduled from follow-on schedule check
[2025-11-10T21:37:05.219+0000] {local_task_job_runner.py:245} INFO - ::endgroup::
