[2025-11-10T21:44:15.663+0000] {local_task_job_runner.py:123} INFO - ::group::Pre task execution logs
[2025-11-10T21:44:15.667+0000] {taskinstance.py:2612} INFO - Dependencies all met for dep_context=non-requeueable deps ti=<TaskInstance: medium_articles_to_pinecone.create_pinecone_index manual__2025-11-10T21:44:12.913848+00:00 [queued]>
[2025-11-10T21:44:15.670+0000] {taskinstance.py:2612} INFO - Dependencies all met for dep_context=requeueable deps ti=<TaskInstance: medium_articles_to_pinecone.create_pinecone_index manual__2025-11-10T21:44:12.913848+00:00 [queued]>
[2025-11-10T21:44:15.670+0000] {taskinstance.py:2865} INFO - Starting attempt 1 of 1
[2025-11-10T21:44:15.673+0000] {taskinstance.py:2888} INFO - Executing <Task(PythonOperator): create_pinecone_index> on 2025-11-10 21:44:12.913848+00:00
[2025-11-10T21:44:15.676+0000] {standard_task_runner.py:104} INFO - Running: ['***', 'tasks', 'run', 'medium_articles_to_pinecone', 'create_pinecone_index', 'manual__2025-11-10T21:44:12.913848+00:00', '--job-id', '10', '--raw', '--subdir', 'DAGS_FOLDER/medium_pinecone.py', '--cfg-path', '/tmp/tmp2aarr0os']
[2025-11-10T21:44:15.678+0000] {standard_task_runner.py:105} INFO - Job 10: Subtask create_pinecone_index
[2025-11-10T21:44:15.677+0000] {logging_mixin.py:190} WARNING - /home/***/.local/lib/python3.12/site-packages/***/task/task_runner/standard_task_runner.py:70 DeprecationWarning: This process (pid=884) is multi-threaded, use of fork() may lead to deadlocks in the child.
[2025-11-10T21:44:15.678+0000] {standard_task_runner.py:72} INFO - Started process 886 to run task
[2025-11-10T21:44:15.691+0000] {task_command.py:467} INFO - Running <TaskInstance: medium_articles_to_pinecone.create_pinecone_index manual__2025-11-10T21:44:12.913848+00:00 [running]> on host 67eea294b33e
[2025-11-10T21:44:15.711+0000] {taskinstance.py:3131} INFO - Exporting env vars: AIRFLOW_CTX_DAG_OWNER='***' AIRFLOW_CTX_DAG_ID='medium_articles_to_pinecone' AIRFLOW_CTX_TASK_ID='create_pinecone_index' AIRFLOW_CTX_EXECUTION_DATE='2025-11-10T21:44:12.913848+00:00' AIRFLOW_CTX_TRY_NUMBER='1' AIRFLOW_CTX_DAG_RUN_ID='manual__2025-11-10T21:44:12.913848+00:00'
[2025-11-10T21:44:15.711+0000] {taskinstance.py:731} INFO - ::endgroup::
[2025-11-10T21:44:15.727+0000] {discover_namespace_packages.py:12} INFO - Discovering subpackages in _NamespacePath(['/home/***/.local/lib/python3.12/site-packages/pinecone_plugins'])
[2025-11-10T21:44:15.727+0000] {discover_plugins.py:9} INFO - Looking for plugins in pinecone_plugins.inference
[2025-11-10T21:44:15.729+0000] {installation.py:10} INFO - Installing plugin inference into Pinecone
[2025-11-10T21:44:19.317+0000] {logging_mixin.py:190} INFO - Index semantic-search-fast already exists; skipping create.
[2025-11-10T21:44:19.318+0000] {python.py:240} INFO - Done. Returned value was: None
[2025-11-10T21:44:19.321+0000] {taskinstance.py:340} INFO - ::group::Post task execution logs
[2025-11-10T21:44:19.321+0000] {taskinstance.py:352} INFO - Marking task as SUCCESS. dag_id=medium_articles_to_pinecone, task_id=create_pinecone_index, run_id=manual__2025-11-10T21:44:12.913848+00:00, execution_date=20251110T214412, start_date=20251110T214415, end_date=20251110T214419
[2025-11-10T21:44:19.333+0000] {local_task_job_runner.py:266} INFO - Task exited with return code 0
[2025-11-10T21:44:19.341+0000] {taskinstance.py:3900} INFO - 1 downstream tasks scheduled from follow-on schedule check
[2025-11-10T21:44:19.341+0000] {local_task_job_runner.py:245} INFO - ::endgroup::
