[2025-11-18T06:54:29.951+0000] {local_task_job_runner.py:123} INFO - ::group::Pre task execution logs
[2025-11-18T06:54:29.956+0000] {taskinstance.py:2612} INFO - Dependencies all met for dep_context=non-requeueable deps ti=<TaskInstance: medium_articles_to_pinecone.create_pinecone_index manual__2025-11-18T06:54:26.123289+00:00 [queued]>
[2025-11-18T06:54:29.958+0000] {taskinstance.py:2612} INFO - Dependencies all met for dep_context=requeueable deps ti=<TaskInstance: medium_articles_to_pinecone.create_pinecone_index manual__2025-11-18T06:54:26.123289+00:00 [queued]>
[2025-11-18T06:54:29.959+0000] {taskinstance.py:2865} INFO - Starting attempt 1 of 1
[2025-11-18T06:54:29.962+0000] {taskinstance.py:2888} INFO - Executing <Task(PythonOperator): create_pinecone_index> on 2025-11-18 06:54:26.123289+00:00
[2025-11-18T06:54:29.966+0000] {standard_task_runner.py:104} INFO - Running: ['***', 'tasks', 'run', 'medium_articles_to_pinecone', 'create_pinecone_index', 'manual__2025-11-18T06:54:26.123289+00:00', '--job-id', '16', '--raw', '--subdir', 'DAGS_FOLDER/medium_pinecone.py', '--cfg-path', '/tmp/tmp4mfkyhyz']
[2025-11-18T06:54:29.967+0000] {standard_task_runner.py:105} INFO - Job 16: Subtask create_pinecone_index
[2025-11-18T06:54:29.966+0000] {logging_mixin.py:190} WARNING - /home/***/.local/lib/python3.12/site-packages/***/task/task_runner/standard_task_runner.py:70 DeprecationWarning: This process (pid=1249) is multi-threaded, use of fork() may lead to deadlocks in the child.
[2025-11-18T06:54:29.967+0000] {standard_task_runner.py:72} INFO - Started process 1251 to run task
[2025-11-18T06:54:29.980+0000] {task_command.py:467} INFO - Running <TaskInstance: medium_articles_to_pinecone.create_pinecone_index manual__2025-11-18T06:54:26.123289+00:00 [running]> on host bc897b700767
[2025-11-18T06:54:30.005+0000] {taskinstance.py:3131} INFO - Exporting env vars: AIRFLOW_CTX_DAG_OWNER='***' AIRFLOW_CTX_DAG_ID='medium_articles_to_pinecone' AIRFLOW_CTX_TASK_ID='create_pinecone_index' AIRFLOW_CTX_EXECUTION_DATE='2025-11-18T06:54:26.123289+00:00' AIRFLOW_CTX_TRY_NUMBER='1' AIRFLOW_CTX_DAG_RUN_ID='manual__2025-11-18T06:54:26.123289+00:00'
[2025-11-18T06:54:30.005+0000] {taskinstance.py:731} INFO - ::endgroup::
[2025-11-18T06:54:30.027+0000] {discover_namespace_packages.py:12} INFO - Discovering subpackages in _NamespacePath(['/home/***/.local/lib/python3.12/site-packages/pinecone_plugins'])
[2025-11-18T06:54:30.028+0000] {discover_plugins.py:9} INFO - Looking for plugins in pinecone_plugins.inference
[2025-11-18T06:54:30.031+0000] {installation.py:10} INFO - Installing plugin inference into Pinecone
[2025-11-18T06:54:33.544+0000] {logging_mixin.py:190} INFO - [index] existing: ['semantic-search-fast']
[2025-11-18T06:54:33.546+0000] {logging_mixin.py:190} INFO - [index] semantic-search-fast already exists; skipping
[2025-11-18T06:54:33.548+0000] {python.py:240} INFO - Done. Returned value was: None
[2025-11-18T06:54:33.557+0000] {taskinstance.py:340} INFO - ::group::Post task execution logs
[2025-11-18T06:54:33.557+0000] {taskinstance.py:352} INFO - Marking task as SUCCESS. dag_id=medium_articles_to_pinecone, task_id=create_pinecone_index, run_id=manual__2025-11-18T06:54:26.123289+00:00, execution_date=20251118T065426, start_date=20251118T065429, end_date=20251118T065433
[2025-11-18T06:54:33.576+0000] {local_task_job_runner.py:266} INFO - Task exited with return code 0
[2025-11-18T06:54:33.591+0000] {taskinstance.py:3900} INFO - 1 downstream tasks scheduled from follow-on schedule check
[2025-11-18T06:54:33.592+0000] {local_task_job_runner.py:245} INFO - ::endgroup::
